Running: C:\Xilinx\12.4\ISE_DS\ISE\bin\nt\unwrapped\fuse.exe -intstyle ise -incremental -o D:/Maestria/EDA/Proyect1/Mux_4/TB_Mux_4_isim_beh.exe -prj D:/Maestria/EDA/Proyect1/Mux_4/TB_Mux_4_beh.prj work.TB_Mux_4 
ISim M.81d (signature 0xcb73ee62)
Number of CPUs detected in this system: 4
Turning on mult-threading, number of parallel sub-compilation jobs: 8 
Determining compilation order of HDL files
Parsing VHDL file "D:/Maestria/EDA/Proyect1/Mux_4/Mux_4.vhd" into library work
Parsing VHDL file "D:/Maestria/EDA/Proyect1/Mux_4/TB_Mux_4.vhd" into library work
Starting static elaboration
Completed static elaboration
Fuse Memory Usage: 149496 KB
Fuse CPU Usage: 92 ms
Using precompiled package standard from library std
Using precompiled package std_logic_1164 from library ieee
Compiling architecture behavioral of entity mux_4 [mux_4_default]
Compiling architecture behavior of entity tb_mux_4
Time Resolution for simulation is 1ps.
Compiled 5 VHDL Units
Built simulation executable D:/Maestria/EDA/Proyect1/Mux_4/TB_Mux_4_isim_beh.exe
Fuse Memory Usage: 156124 KB
Fuse CPU Usage: 139 ms
