Release 12.4 Map M.81d (nt)
Xilinx Mapping Report File for Design 'CounterButton'

Design Information
------------------
Command Line   : map -intstyle ise -p xc3s500e-ft256-5 -cm area -ir off -pr off
-c 100 -o CounterButton_map.ncd CounterButton.ngd CounterButton.pcf 
Target Device  : xc3s500e
Target Package : ft256
Target Speed   : -5
Mapper Version : spartan3e -- $Revision: 1.52.76.2 $
Mapped Date    : Sun Jul 17 23:26:25 2022

Design Summary
--------------
Number of errors   :   3
Number of warnings :   0

Section 1 - Errors
------------------
ERROR:MapLib:30 - LOC constraint V4 on BOTON is invalid: No such site on the
   device. To bypass this error set the environment variable 'XIL_MAP_LOCWARN'.
ERROR:MapLib:30 - LOC constraint E12 on LED<1> is invalid: No such site on the
   device. To bypass this error set the environment variable 'XIL_MAP_LOCWARN'.
ERROR:MapLib:30 - LOC constraint F11 on LED<3> is invalid: No such site on the
   device. To bypass this error set the environment variable 'XIL_MAP_LOCWARN'.

Section 2 - Warnings
--------------------

Section 3 - Informational
-------------------------
INFO:MapLib:562 - No environment variables are currently set.

Section 4 - Removed Logic Summary
---------------------------------

Section 5 - Removed Logic
-------------------------
