Release 12.4 - xst M.81d (nt)
Copyright (c) 1995-2010 Xilinx, Inc.  All rights reserved.
--> Parameter TMPDIR set to xst/projnav.tmp


Total REAL time to Xst completion: 1.00 secs
Total CPU time to Xst completion: 1.26 secs
 
--> Parameter xsthdpdir set to xst


Total REAL time to Xst completion: 1.00 secs
Total CPU time to Xst completion: 1.26 secs
 
--> Reading design: CounterButton.prj

TABLE OF CONTENTS
  1) Synthesis Options Summary
  2) HDL Compilation
  3) Design Hierarchy Analysis
  4) HDL Analysis
  5) HDL Synthesis
     5.1) HDL Synthesis Report
  6) Advanced HDL Synthesis
     6.1) Advanced HDL Synthesis Report
  7) Low Level Synthesis
  8) Partition Report
  9) Final Report
	9.1) Device utilization summary
	9.2) Partition Resource Summary
	9.3) TIMING REPORT


=========================================================================
*                      Synthesis Options Summary                        *
=========================================================================
---- Source Parameters
Input File Name                    : "CounterButton.prj"
Input Format                       : mixed
Ignore Synthesis Constraint File   : NO

---- Target Parameters
Output File Name                   : "CounterButton"
Output Format                      : NGC
Target Device                      : xc3s500e-5-fg320

---- Source Options
Top Module Name                    : CounterButton
Automatic FSM Extraction           : YES
FSM Encoding Algorithm             : Auto
Safe Implementation                : No
FSM Style                          : LUT
RAM Extraction                     : Yes
RAM Style                          : Auto
ROM Extraction                     : Yes
Mux Style                          : Auto
Decoder Extraction                 : YES
Priority Encoder Extraction        : Yes
Shift Register Extraction          : YES
Logical Shifter Extraction         : YES
XOR Collapsing                     : YES
ROM Style                          : Auto
Mux Extraction                     : Yes
Resource Sharing                   : YES
Asynchronous To Synchronous        : NO
Multiplier Style                   : Auto
Automatic Register Balancing       : No

---- Target Options
Add IO Buffers                     : YES
Global Maximum Fanout              : 500
Add Generic Clock Buffer(BUFG)     : 24
Register Duplication               : YES
Slice Packing                      : YES
Optimize Instantiated Primitives   : NO
Use Clock Enable                   : Yes
Use Synchronous Set                : Yes
Use Synchronous Reset              : Yes
Pack IO Registers into IOBs        : Auto
Equivalent register Removal        : YES

---- General Options
Optimization Goal                  : Speed
Optimization Effort                : 1
Keep Hierarchy                     : No
Netlist Hierarchy                  : As_Optimized
RTL Output                         : Yes
Global Optimization                : AllClockNets
Read Cores                         : YES
Write Timing Constraints           : NO
Cross Clock Analysis               : NO
Hierarchy Separator                : /
Bus Delimiter                      : <>
Case Specifier                     : Maintain
Slice Utilization Ratio            : 100
BRAM Utilization Ratio             : 100
Verilog 2001                       : YES
Auto BRAM Packing                  : NO
Slice Utilization Ratio Delta      : 5

=========================================================================


=========================================================================
*                          HDL Compilation                              *
=========================================================================
WARNING:HDLParsers:3607 - Unit work/CounterButton is now defined in a different file.  It was defined in "D:/Maestria/EDA/VHDL_Maestria/Proyect1/CounterButton/CounterButton.vhd", and is now defined in "D:/++EDA/VHDL_Maestria/Proyect1/CounterButton/CounterButton.vhd".
WARNING:HDLParsers:3607 - Unit work/CounterButton/Behavioral is now defined in a different file.  It was defined in "D:/Maestria/EDA/VHDL_Maestria/Proyect1/CounterButton/CounterButton.vhd", and is now defined in "D:/++EDA/VHDL_Maestria/Proyect1/CounterButton/CounterButton.vhd".
WARNING:HDLParsers:3607 - Unit work/Debounce is now defined in a different file.  It was defined in "D:/Maestria/EDA/VHDL_Maestria/Proyect1/CounterButton/Debounce.vhd", and is now defined in "D:/++EDA/VHDL_Maestria/Proyect1/CounterButton/Debounce.vhd".
WARNING:HDLParsers:3607 - Unit work/Debounce/Behavioral is now defined in a different file.  It was defined in "D:/Maestria/EDA/VHDL_Maestria/Proyect1/CounterButton/Debounce.vhd", and is now defined in "D:/++EDA/VHDL_Maestria/Proyect1/CounterButton/Debounce.vhd".
Compiling vhdl file "D:/++EDA/VHDL_Maestria/Proyect1/CounterButton/Debounce.vhd" in Library work.
Architecture behavioral of Entity debounce is up to date.
Compiling vhdl file "D:/++EDA/VHDL_Maestria/Proyect1/CounterButton/CounterButton.vhd" in Library work.
Architecture behavioral of Entity counterbutton is up to date.

=========================================================================
*                     Design Hierarchy Analysis                         *
=========================================================================
Analyzing hierarchy for entity <CounterButton> in library <work> (architecture <behavioral>).

Analyzing hierarchy for entity <Debounce> in library <work> (architecture <behavioral>).


=========================================================================
*                            HDL Analysis                               *
=========================================================================
Analyzing Entity <CounterButton> in library <work> (Architecture <behavioral>).
Entity <CounterButton> analyzed. Unit <CounterButton> generated.

Analyzing Entity <Debounce> in library <work> (Architecture <behavioral>).
Entity <Debounce> analyzed. Unit <Debounce> generated.


=========================================================================
*                           HDL Synthesis                               *
=========================================================================

Performing bidirectional port resolution...

Synthesizing Unit <Debounce>.
    Related source file is "D:/++EDA/VHDL_Maestria/Proyect1/CounterButton/Debounce.vhd".
    Found 1-bit register for signal <Q1>.
    Found 1-bit register for signal <Q2>.
    Found 1-bit register for signal <Q3>.
    Summary:
	inferred   3 D-type flip-flop(s).
Unit <Debounce> synthesized.


Synthesizing Unit <CounterButton>.
    Related source file is "D:/++EDA/VHDL_Maestria/Proyect1/CounterButton/CounterButton.vhd".
    Found 8-bit up counter for signal <temp_led>.
    Summary:
	inferred   1 Counter(s).
Unit <CounterButton> synthesized.


=========================================================================
HDL Synthesis Report

Macro Statistics
# Counters                                             : 1
 8-bit up counter                                      : 1
# Registers                                            : 3
 1-bit register                                        : 3

=========================================================================

=========================================================================
*                       Advanced HDL Synthesis                          *
=========================================================================


=========================================================================
Advanced HDL Synthesis Report

Macro Statistics
# Counters                                             : 1
 8-bit up counter                                      : 1
# Registers                                            : 3
 Flip-Flops                                            : 3

=========================================================================

=========================================================================
*                         Low Level Synthesis                           *
=========================================================================

Optimizing unit <CounterButton> ...

Mapping all equations...
Building and optimizing final netlist ...
Found area constraint ratio of 100 (+ 5) on block CounterButton, actual ratio is 0.

Final Macro Processing ...

=========================================================================
Final Register Report

Macro Statistics
# Registers                                            : 11
 Flip-Flops                                            : 11

=========================================================================

=========================================================================
*                           Partition Report                            *
=========================================================================

Partition Implementation Status
-------------------------------

  No Partitions were found in this design.

-------------------------------

=========================================================================
*                            Final Report                               *
=========================================================================
Final Results
RTL Top Level Output File Name     : CounterButton.ngr
Top Level Output File Name         : CounterButton
Output Format                      : NGC
Optimization Goal                  : Speed
Keep Hierarchy                     : No

Design Statistics
# IOs                              : 11

Cell Usage :
# BELS                             : 26
#      GND                         : 1
#      INV                         : 1
#      LUT1                        : 7
#      LUT3                        : 1
#      MUXCY                       : 7
#      VCC                         : 1
#      XORCY                       : 8
# FlipFlops/Latches                : 11
#      FDR                         : 3
#      FDRE                        : 8
# Clock Buffers                    : 1
#      BUFGP                       : 1
# IO Buffers                       : 10
#      IBUF                        : 2
#      OBUF                        : 8
=========================================================================

Device utilization summary:
---------------------------

Selected Device : 3s500efg320-5 

 Number of Slices:                        6  out of   4656     0%  
 Number of Slice Flip Flops:             11  out of   9312     0%  
 Number of 4 input LUTs:                  9  out of   9312     0%  
 Number of IOs:                          11
 Number of bonded IOBs:                  11  out of    232     4%  
 Number of GCLKs:                         1  out of     24     4%  

---------------------------
Partition Resource Summary:
---------------------------

  No Partitions were found in this design.

---------------------------


=========================================================================
TIMING REPORT

NOTE: THESE TIMING NUMBERS ARE ONLY A SYNTHESIS ESTIMATE.
      FOR ACCURATE TIMING INFORMATION PLEASE REFER TO THE TRACE REPORT
      GENERATED AFTER PLACE-and-ROUTE.

Clock Information:
------------------
-----------------------------------+------------------------+-------+
Clock Signal                       | Clock buffer(FF name)  | Load  |
-----------------------------------+------------------------+-------+
CLK                                | BUFGP                  | 11    |
-----------------------------------+------------------------+-------+

Asynchronous Control Signals Information:
----------------------------------------
No asynchronous control signals found in this design

Timing Summary:
---------------
Speed Grade: -5

   Minimum period: 3.286ns (Maximum Frequency: 304.280MHz)
   Minimum input arrival time before clock: 2.694ns
   Maximum output required time after clock: 4.063ns
   Maximum combinational path delay: No path found

Timing Detail:
--------------
All values displayed in nanoseconds (ns)

=========================================================================
Timing constraint: Default period analysis for Clock 'CLK'
  Clock period: 3.286ns (frequency: 304.280MHz)
  Total number of paths / destination ports: 62 / 18
-------------------------------------------------------------------------
Delay:               3.286ns (Levels of Logic = 8)
  Source:            temp_led_1 (FF)
  Destination:       temp_led_7 (FF)
  Source Clock:      CLK rising
  Destination Clock: CLK rising

  Data Path: temp_led_1 to temp_led_7
                                Gate     Net
    Cell:in->out      fanout   Delay   Delay  Logical Name (Net Name)
    ----------------------------------------  ------------
     FDRE:C->Q             2   0.514   0.532  temp_led_1 (temp_led_1)
     LUT1:I0->O            1   0.612   0.000  Mcount_temp_led_cy<1>_rt (Mcount_temp_led_cy<1>_rt)
     MUXCY:S->O            1   0.404   0.000  Mcount_temp_led_cy<1> (Mcount_temp_led_cy<1>)
     MUXCY:CI->O           1   0.051   0.000  Mcount_temp_led_cy<2> (Mcount_temp_led_cy<2>)
     MUXCY:CI->O           1   0.051   0.000  Mcount_temp_led_cy<3> (Mcount_temp_led_cy<3>)
     MUXCY:CI->O           1   0.051   0.000  Mcount_temp_led_cy<4> (Mcount_temp_led_cy<4>)
     MUXCY:CI->O           1   0.051   0.000  Mcount_temp_led_cy<5> (Mcount_temp_led_cy<5>)
     MUXCY:CI->O           0   0.051   0.000  Mcount_temp_led_cy<6> (Mcount_temp_led_cy<6>)
     XORCY:CI->O           1   0.699   0.000  Mcount_temp_led_xor<7> (Result<7>)
     FDRE:D                    0.268          temp_led_7
    ----------------------------------------
    Total                      3.286ns (2.755ns logic, 0.532ns route)
                                       (83.8% logic, 16.2% route)

=========================================================================
Timing constraint: Default OFFSET IN BEFORE for Clock 'CLK'
  Total number of paths / destination ports: 12 / 12
-------------------------------------------------------------------------
Offset:              2.694ns (Levels of Logic = 1)
  Source:            RST (PAD)
  Destination:       Debounce_1/Q3 (FF)
  Destination Clock: CLK rising

  Data Path: RST to Debounce_1/Q3
                                Gate     Net
    Cell:in->out      fanout   Delay   Delay  Logical Name (Net Name)
    ----------------------------------------  ------------
     IBUF:I->O            11   1.106   0.793  RST_IBUF (RST_IBUF)
     FDR:R                     0.795          Debounce_1/Q1
    ----------------------------------------
    Total                      2.694ns (1.901ns logic, 0.793ns route)
                                       (70.6% logic, 29.4% route)

=========================================================================
Timing constraint: Default OFFSET OUT AFTER for Clock 'CLK'
  Total number of paths / destination ports: 8 / 8
-------------------------------------------------------------------------
Offset:              4.063ns (Levels of Logic = 1)
  Source:            temp_led_7 (FF)
  Destination:       LED<7> (PAD)
  Source Clock:      CLK rising

  Data Path: temp_led_7 to LED<7>
                                Gate     Net
    Cell:in->out      fanout   Delay   Delay  Logical Name (Net Name)
    ----------------------------------------  ------------
     FDRE:C->Q             2   0.514   0.380  temp_led_7 (temp_led_7)
     OBUF:I->O                 3.169          LED_7_OBUF (LED<7>)
    ----------------------------------------
    Total                      4.063ns (3.683ns logic, 0.380ns route)
                                       (90.6% logic, 9.4% route)

=========================================================================


Total REAL time to Xst completion: 4.00 secs
Total CPU time to Xst completion: 4.31 secs
 
--> 

Total memory usage is 213864 kilobytes

Number of errors   :    0 (   0 filtered)
Number of warnings :    4 (   0 filtered)
Number of infos    :    0 (   0 filtered)

